Replace Symbol from C1 D_Capacitor_0805CC in F:\Unencrypted\other\school\2023-2024_pxl\Altium\Docs\ReflowIron-01-Logic\controller-ic.SchDoc with D_Capacitor_0805CC from SolderIron.SchLib
Replace Symbol from C2 D_Capacitor_0805CC in F:\Unencrypted\other\school\2023-2024_pxl\Altium\Docs\ReflowIron-01-Logic\controller-ic.SchDoc with D_Capacitor_0805CC from SolderIron.SchLib
Replace Symbol from C3 D_Capacitor_0805CC in F:\Unencrypted\other\school\2023-2024_pxl\Altium\Docs\ReflowIron-01-Logic\controller-ic.SchDoc with D_Capacitor_0805CC from SolderIron.SchLib
Replace Symbol from C4 D_Capacitor_0603CC in F:\Unencrypted\other\school\2023-2024_pxl\Altium\Docs\ReflowIron-01-Logic\controller-ic.SchDoc with D_Capacitor_0603CC from SolderIron.SchLib
Replace Symbol from C5 D_Capacitor_0603CC in F:\Unencrypted\other\school\2023-2024_pxl\Altium\Docs\ReflowIron-01-Logic\controller-ic.SchDoc with D_Capacitor_0603CC from SolderIron.SchLib
Replace Symbol from C6 D_Capacitor_0603CC in F:\Unencrypted\other\school\2023-2024_pxl\Altium\Docs\ReflowIron-01-Logic\controller-ic.SchDoc with D_Capacitor_0603CC from SolderIron.SchLib
Replace Symbol from C7 D_Capacitor_0603CC in F:\Unencrypted\other\school\2023-2024_pxl\Altium\Docs\ReflowIron-01-Logic\controller-ic.SchDoc with D_Capacitor_0603CC from SolderIron.SchLib
Replace Symbol from C12 D_Capacitor_0805CC in F:\Unencrypted\other\school\2023-2024_pxl\Altium\Docs\ReflowIron-01-Logic\controller-ic.SchDoc with D_Capacitor_0805CC from SolderIron.SchLib
Replace Symbol from D1 ZENER_TH in F:\Unencrypted\other\school\2023-2024_pxl\Altium\Docs\ReflowIron-01-Logic\controller-ic.SchDoc with ZENER_TH from SolderIron.SchLib
Replace Symbol from ENCODER ENC_ROTEC11E09 in F:\Unencrypted\other\school\2023-2024_pxl\Altium\Docs\ReflowIron-01-Logic\controller-ic.SchDoc with ENC_ROTEC11E09 from SolderIron.SchLib
Replace Symbol from IC1 IC_ATMega4809 in F:\Unencrypted\other\school\2023-2024_pxl\Altium\Docs\ReflowIron-01-Logic\controller-ic.SchDoc with IC_ATMega4809 from SolderIron.SchLib
Replace Symbol from J2 CON_F1x2Pin in F:\Unencrypted\other\school\2023-2024_pxl\Altium\Docs\ReflowIron-01-Logic\controller-ic.SchDoc with CON_F1x2Pin from SolderIron.SchLib
Replace Symbol from J3 CON_F1x2Pin in F:\Unencrypted\other\school\2023-2024_pxl\Altium\Docs\ReflowIron-01-Logic\controller-ic.SchDoc with CON_F1x2Pin from SolderIron.SchLib
Replace Symbol from J4 CON_F1x2Pin in F:\Unencrypted\other\school\2023-2024_pxl\Altium\Docs\ReflowIron-01-Logic\controller-ic.SchDoc with CON_F1x2Pin from SolderIron.SchLib
Replace Symbol from J6 CON_M1x4Pin in F:\Unencrypted\other\school\2023-2024_pxl\Altium\Docs\ReflowIron-01-Logic\controller-ic.SchDoc with CON_M1x4Pin from SolderIron.SchLib
Replace Symbol from J7 CON_F1x2Pin in F:\Unencrypted\other\school\2023-2024_pxl\Altium\Docs\ReflowIron-01-Logic\controller-ic.SchDoc with CON_F1x2Pin from SolderIron.SchLib
Replace Symbol from J8 CON_F1x2Pin in F:\Unencrypted\other\school\2023-2024_pxl\Altium\Docs\ReflowIron-01-Logic\controller-ic.SchDoc with CON_F1x2Pin from SolderIron.SchLib
Replace Symbol from Q1 MOSFET_IRFB745PBF in F:\Unencrypted\other\school\2023-2024_pxl\Altium\Docs\ReflowIron-01-Logic\controller-ic.SchDoc with MOSFET_IRFB745PBF from SolderIron.SchLib
Replace Symbol from R1 D_Resistor_TF0603 in F:\Unencrypted\other\school\2023-2024_pxl\Altium\Docs\ReflowIron-01-Logic\controller-ic.SchDoc with D_Resistor_TF0603 from SolderIron.SchLib
Replace Symbol from R2 D_Resistor_TF0603 in F:\Unencrypted\other\school\2023-2024_pxl\Altium\Docs\ReflowIron-01-Logic\controller-ic.SchDoc with D_Resistor_TF0603 from SolderIron.SchLib
Replace Symbol from R3 D_Resistor_TF0603 in F:\Unencrypted\other\school\2023-2024_pxl\Altium\Docs\ReflowIron-01-Logic\controller-ic.SchDoc with D_Resistor_TF0603 from SolderIron.SchLib
Replace Symbol from R4 D_Resistor_TF0603 in F:\Unencrypted\other\school\2023-2024_pxl\Altium\Docs\ReflowIron-01-Logic\controller-ic.SchDoc with D_Resistor_TF0603 from SolderIron.SchLib
Replace Symbol from R5 D_Resistor_TF0603 in F:\Unencrypted\other\school\2023-2024_pxl\Altium\Docs\ReflowIron-01-Logic\controller-ic.SchDoc with D_Resistor_TF0603 from SolderIron.SchLib
Replace Symbol from R6 D_Resistor_TF0603 in F:\Unencrypted\other\school\2023-2024_pxl\Altium\Docs\ReflowIron-01-Logic\controller-ic.SchDoc with D_Resistor_TF0603 from SolderIron.SchLib
Replace Symbol from R7 D_Resistor_TF0603 in F:\Unencrypted\other\school\2023-2024_pxl\Altium\Docs\ReflowIron-01-Logic\controller-ic.SchDoc with D_Resistor_TF0603 from SolderIron.SchLib
Replace Symbol from R8 D_Resistor_TF0603 in F:\Unencrypted\other\school\2023-2024_pxl\Altium\Docs\ReflowIron-01-Logic\controller-ic.SchDoc with D_Resistor_TF0603 from SolderIron.SchLib
