Replace Part C1 D_Capacitor_0805CC in F:\Unencrypted\other\school\2023-2024_pxl\Altium\Docs\ReflowIron-01-Logic\controller-ic.SchDoc with D_Capacitor_0805CC from SolderIron.SchLib
Replace Part C2 D_Capacitor_0805CC in F:\Unencrypted\other\school\2023-2024_pxl\Altium\Docs\ReflowIron-01-Logic\controller-ic.SchDoc with D_Capacitor_0805CC from SolderIron.SchLib
Replace Part C3 D_Capacitor_0805CC in F:\Unencrypted\other\school\2023-2024_pxl\Altium\Docs\ReflowIron-01-Logic\controller-ic.SchDoc with D_Capacitor_0805CC from SolderIron.SchLib
Replace Part C4 D_Capacitor_0603CC in F:\Unencrypted\other\school\2023-2024_pxl\Altium\Docs\ReflowIron-01-Logic\controller-ic.SchDoc with D_Capacitor_0603CC from SolderIron.SchLib
Replace Part C5 D_Capacitor_0603CC in F:\Unencrypted\other\school\2023-2024_pxl\Altium\Docs\ReflowIron-01-Logic\controller-ic.SchDoc with D_Capacitor_0603CC from SolderIron.SchLib
Replace Part C6 D_Capacitor_0603CC in F:\Unencrypted\other\school\2023-2024_pxl\Altium\Docs\ReflowIron-01-Logic\controller-ic.SchDoc with D_Capacitor_0603CC from SolderIron.SchLib
Replace Part C7 D_Capacitor_0603CC in F:\Unencrypted\other\school\2023-2024_pxl\Altium\Docs\ReflowIron-01-Logic\controller-ic.SchDoc with D_Capacitor_0603CC from SolderIron.SchLib
Replace Part C12 D_Capacitor_0805CC in F:\Unencrypted\other\school\2023-2024_pxl\Altium\Docs\ReflowIron-01-Logic\controller-ic.SchDoc with D_Capacitor_0805CC from SolderIron.SchLib
Replace Part D1 ZENER_TH in F:\Unencrypted\other\school\2023-2024_pxl\Altium\Docs\ReflowIron-01-Logic\controller-ic.SchDoc with ZENER_TH from SolderIron.SchLib
Replace Part ENCODER ENC_ROTEC11E09 in F:\Unencrypted\other\school\2023-2024_pxl\Altium\Docs\ReflowIron-01-Logic\controller-ic.SchDoc with ENC_ROTEC11E09 from SolderIron.SchLib
Replace Part IC1 IC_ATMega4809 in F:\Unencrypted\other\school\2023-2024_pxl\Altium\Docs\ReflowIron-01-Logic\controller-ic.SchDoc with IC_ATMega4809 from SolderIron.SchLib
Replace Part J2 CON_F1x2Pin in F:\Unencrypted\other\school\2023-2024_pxl\Altium\Docs\ReflowIron-01-Logic\controller-ic.SchDoc with CON_F1x2Pin from SolderIron.SchLib
Replace Part J3 CON_F1x2Pin in F:\Unencrypted\other\school\2023-2024_pxl\Altium\Docs\ReflowIron-01-Logic\controller-ic.SchDoc with CON_F1x2Pin from SolderIron.SchLib
Replace Part J4 CON_F1x2Pin in F:\Unencrypted\other\school\2023-2024_pxl\Altium\Docs\ReflowIron-01-Logic\controller-ic.SchDoc with CON_F1x2Pin from SolderIron.SchLib
Replace Part J6 CON_M1x4Pin in F:\Unencrypted\other\school\2023-2024_pxl\Altium\Docs\ReflowIron-01-Logic\controller-ic.SchDoc with CON_M1x4Pin from SolderIron.SchLib
Replace Part J7 CON_F1x2Pin in F:\Unencrypted\other\school\2023-2024_pxl\Altium\Docs\ReflowIron-01-Logic\controller-ic.SchDoc with CON_F1x2Pin from SolderIron.SchLib
Replace Part J8 CON_F1x2Pin in F:\Unencrypted\other\school\2023-2024_pxl\Altium\Docs\ReflowIron-01-Logic\controller-ic.SchDoc with CON_F1x2Pin from SolderIron.SchLib
Replace Part Q1 MOSFET_IRFB745PBF in F:\Unencrypted\other\school\2023-2024_pxl\Altium\Docs\ReflowIron-01-Logic\controller-ic.SchDoc with MOSFET_IRFB745PBF from SolderIron.SchLib
Replace Part R1 D_Resistor_TF0603 in F:\Unencrypted\other\school\2023-2024_pxl\Altium\Docs\ReflowIron-01-Logic\controller-ic.SchDoc with D_Resistor_TF0603 from SolderIron.SchLib
Replace Part R2 D_Resistor_TF0603 in F:\Unencrypted\other\school\2023-2024_pxl\Altium\Docs\ReflowIron-01-Logic\controller-ic.SchDoc with D_Resistor_TF0603 from SolderIron.SchLib
Replace Part R3 D_Resistor_TF0603 in F:\Unencrypted\other\school\2023-2024_pxl\Altium\Docs\ReflowIron-01-Logic\controller-ic.SchDoc with D_Resistor_TF0603 from SolderIron.SchLib
Replace Part R4 D_Resistor_TF0603 in F:\Unencrypted\other\school\2023-2024_pxl\Altium\Docs\ReflowIron-01-Logic\controller-ic.SchDoc with D_Resistor_TF0603 from SolderIron.SchLib
Replace Part R5 D_Resistor_TF0603 in F:\Unencrypted\other\school\2023-2024_pxl\Altium\Docs\ReflowIron-01-Logic\controller-ic.SchDoc with D_Resistor_TF0603 from SolderIron.SchLib
Replace Part R6 D_Resistor_TF0603 in F:\Unencrypted\other\school\2023-2024_pxl\Altium\Docs\ReflowIron-01-Logic\controller-ic.SchDoc with D_Resistor_TF0603 from SolderIron.SchLib
Replace Part R7 D_Resistor_TF0603 in F:\Unencrypted\other\school\2023-2024_pxl\Altium\Docs\ReflowIron-01-Logic\controller-ic.SchDoc with D_Resistor_TF0603 from SolderIron.SchLib
Replace Part R8 D_Resistor_TF0603 in F:\Unencrypted\other\school\2023-2024_pxl\Altium\Docs\ReflowIron-01-Logic\controller-ic.SchDoc with D_Resistor_TF0603 from SolderIron.SchLib
